\BOOKMARK [1][-]{section.1}{\376\377\000I\000n\000t\000r\000o\000d\000u\000c\000t\000i\000o\000n}{}% 1
\BOOKMARK [1][-]{section.2}{\376\377\000B\000a\000c\000k\000g\000r\000o\000u\000n\000d}{}% 2
\BOOKMARK [1][-]{section.3}{\376\377\000O\000v\000e\000r\000v\000i\000e\000w}{}% 3
\BOOKMARK [2][-]{subsection.3.1}{\376\377\000T\000e\000c\000h\000n\000o\000l\000o\000g\000y}{section.3}% 4
\BOOKMARK [2][-]{subsection.3.2}{\376\377\000T\000h\000r\000e\000e\000\040\000b\000a\000s\000i\000c\000\040\000r\000i\000g\000h\000t\000s}{section.3}% 5
\BOOKMARK [2][-]{subsection.3.3}{\376\377\000G\000o\000v\000e\000r\000n\000a\000n\000c\000e\000\040\000s\000c\000o\000p\000e}{section.3}% 6
\BOOKMARK [2][-]{subsection.3.4}{\376\377\000F\000e\000a\000t\000u\000r\000e\000s}{section.3}% 7
\BOOKMARK [1][-]{section.4}{\376\377\000O\000r\000g\000a\000n\000i\000z\000a\000t\000i\000o\000n\000\040\000a\000n\000d\000\040\000S\000u\000p\000e\000r\000v\000i\000s\000i\000o\000n\000:\000\040\000N\000e\000b\000u\000l\000a\000s\000\040\000C\000o\000m\000m\000u\000n\000i\000t\000y\000\040\000G\000r\000o\000u\000p}{}% 8
\BOOKMARK [2][-]{subsection.4.1}{\376\377\000N\000e\000b\000u\000l\000a\000s\000\040\000C\000o\000u\000n\000c\000i\000l}{section.4}% 9
\BOOKMARK [3][-]{subsubsection.4.1.1}{\376\377\000D\000i\000r\000e\000c\000t\000o\000r\000s}{subsection.4.1}% 10
\BOOKMARK [3][-]{subsubsection.4.1.2}{\376\377\000P\000o\000w\000e\000r}{subsection.4.1}% 11
\BOOKMARK [3][-]{subsubsection.4.1.3}{\376\377\000O\000b\000l\000i\000g\000a\000t\000i\000o\000n\000s}{subsection.4.1}% 12
\BOOKMARK [3][-]{subsubsection.4.1.4}{\376\377\000T\000e\000r\000m\000\040\000o\000f\000\040\000o\000f\000f\000i\000c\000e}{subsection.4.1}% 13
\BOOKMARK [3][-]{subsubsection.4.1.5}{\376\377\000E\000l\000e\000c\000t\000i\000o\000n\000\040\000m\000e\000t\000h\000o\000d}{subsection.4.1}% 14
\BOOKMARK [3][-]{subsubsection.4.1.6}{\376\377\000I\000n\000c\000o\000m\000e}{subsection.4.1}% 15
\BOOKMARK [2][-]{subsection.4.2}{\376\377\000N\000e\000b\000u\000l\000a\000s\000\040\000F\000o\000u\000n\000d\000a\000t\000i\000o\000n}{section.4}% 16
\BOOKMARK [3][-]{subsubsection.4.2.1}{\376\377\000M\000e\000m\000b\000e\000r\000s\000\040\000c\000o\000m\000p\000o\000s\000i\000t\000i\000o\000n}{subsection.4.2}% 17
\BOOKMARK [3][-]{subsubsection.4.2.2}{\376\377\000P\000o\000w\000e\000r}{subsection.4.2}% 18
\BOOKMARK [3][-]{subsubsection.4.2.3}{\376\377\000O\000b\000l\000i\000g\000a\000t\000i\000o\000n\000s}{subsection.4.2}% 19
\BOOKMARK [3][-]{subsubsection.4.2.4}{\376\377\000T\000e\000r\000m\000\040\000i\000n\000\040\000o\000f\000f\000i\000c\000e}{subsection.4.2}% 20
\BOOKMARK [3][-]{subsubsection.4.2.5}{\376\377\000I\000n\000c\000l\000u\000s\000i\000o\000n\000\040\000m\000e\000t\000h\000o\000d}{subsection.4.2}% 21
\BOOKMARK [3][-]{subsubsection.4.2.6}{\376\377\000I\000n\000c\000o\000m\000e}{subsection.4.2}% 22
\BOOKMARK [2][-]{subsection.4.3}{\376\377\000N\000e\000b\000u\000l\000a\000s\000\040\000T\000e\000c\000h\000n\000i\000c\000a\000l\000\040\000C\000o\000m\000m\000i\000t\000t\000e\000e}{section.4}% 23
\BOOKMARK [3][-]{subsubsection.4.3.1}{\376\377\000M\000e\000m\000b\000e\000r\000s\000\040\000c\000o\000m\000p\000o\000s\000i\000t\000i\000o\000n}{subsection.4.3}% 24
\BOOKMARK [3][-]{subsubsection.4.3.2}{\376\377\000P\000o\000w\000e\000r}{subsection.4.3}% 25
\BOOKMARK [3][-]{subsubsection.4.3.3}{\376\377\000T\000e\000r\000m\000\040\000i\000n\000\040\000o\000f\000f\000i\000c\000e}{subsection.4.3}% 26
\BOOKMARK [3][-]{subsubsection.4.3.4}{\376\377\000I\000n\000c\000l\000u\000s\000i\000o\000n\000\040\000m\000e\000t\000h\000o\000d}{subsection.4.3}% 27
\BOOKMARK [3][-]{subsubsection.4.3.5}{\376\377\000I\000n\000c\000o\000m\000e}{subsection.4.3}% 28
\BOOKMARK [1][-]{section.5}{\376\377\000O\000n\000-\000c\000h\000a\000i\000n\000\040\000v\000o\000t\000i\000n\000g\000\040\000a\000n\000d\000\040\000i\000n\000c\000e\000n\000t\000i\000v\000e}{}% 29
\BOOKMARK [2][-]{subsection.5.1}{\376\377\000O\000n\000-\000c\000h\000a\000i\000n\000\040\000g\000o\000v\000e\000r\000n\000a\000n\000c\000e\000\040\000p\000r\000o\000c\000e\000s\000s}{section.5}% 30
\BOOKMARK [2][-]{subsection.5.2}{\376\377\000B\000a\000s\000i\000c\000\040\000p\000r\000i\000n\000c\000i\000p\000l\000e\000s\000\040\000o\000f\000\040\000v\000o\000t\000i\000n\000g}{section.5}% 31
\BOOKMARK [2][-]{subsection.5.3}{\376\377\000V\000o\000t\000i\000n\000g\000\040\000m\000e\000t\000h\000o\000d}{section.5}% 32
\BOOKMARK [2][-]{subsection.5.4}{\376\377\000T\000h\000e\000\040\000o\000n\000l\000y\000\040\000u\000t\000i\000l\000i\000z\000e\000d\000\040\000v\000o\000t\000i\000n\000g\000\040\000m\000e\000d\000i\000u\000m\000:\000\040\000N\000A\000T}{section.5}% 33
\BOOKMARK [3][-]{subsubsection.5.4.1}{\376\377\000O\000v\000e\000r\000v\000i\000e\000w}{subsection.5.4}% 34
\BOOKMARK [4][-]{paragraph.5.4.1.1}{\376\377\000W\000h\000a\000t\000\040\000i\000s\000\040\000N\000e\000b\000u\000l\000a\000s\000\040\000R\000a\000n\000k\000?}{subsubsection.5.4.1}% 35
\BOOKMARK [4][-]{paragraph.5.4.1.2}{\376\377\000N\000A\000T\000\040\000a\000n\000d\000\040\000N\000R}{subsubsection.5.4.1}% 36
\BOOKMARK [4][-]{paragraph.5.4.1.3}{\376\377\000H\000o\000w\000\040\000t\000o\000\040\000c\000h\000e\000c\000k\000\040\000y\000o\000u\000r\000\040\000N\000e\000b\000u\000l\000a\000s\000\040\000R\000a\000n\000k\000?}{subsubsection.5.4.1}% 37
\BOOKMARK [3][-]{subsubsection.5.4.2}{\376\377\000U\000s\000e\000\040\000c\000a\000s\000e\000s\000\040\000o\000f\000\040\000t\000h\000e\000\040\000N\000e\000b\000u\000l\000a\000s\000\040\000A\000u\000t\000o\000n\000o\000m\000o\000u\000s\000\040\000T\000o\000k\000e\000n\000\040\000\050\000N\000A\000T\000\051}{subsection.5.4}% 38
\BOOKMARK [3][-]{subsubsection.5.4.3}{\376\377\000R\000e\000l\000e\000a\000s\000e}{subsection.5.4}% 39
\BOOKMARK [3][-]{subsubsection.5.4.4}{\376\377\000M\000a\000n\000a\000g\000i\000n\000g\000\040\000N\000A\000T}{subsection.5.4}% 40
\BOOKMARK [2][-]{subsection.5.5}{\376\377\000O\000b\000t\000a\000i\000n\000i\000n\000g\000\040\000N\000A\000T}{section.5}% 41
\BOOKMARK [3][-]{paragraph.5.5.0.1}{\376\377\000N\000A\000T\000\040\000b\000l\000a\000c\000k\000l\000i\000s\000t\000e\000d\000\040\000a\000d\000d\000r\000e\000s\000s\000e\000s}{subsection.5.5}% 42
\BOOKMARK [3][-]{subsubsection.5.5.1}{\376\377\000R\000e\000c\000e\000i\000v\000e\000\040\000N\000A\000T\000\040\000b\000y\000\040\000i\000m\000p\000r\000o\000v\000i\000n\000g\000\040\000t\000h\000e\000\040\000N\000e\000b\000u\000l\000a\000s\000\040\000R\000a\000n\000k\000\040\000s\000c\000o\000r\000e\000\040\000o\000f\000\040\000a\000n\000\040\000a\000d\000d\000r\000e\000s\000s}{subsection.5.5}% 43
\BOOKMARK [3][-]{subsubsection.5.5.2}{\376\377\000P\000l\000e\000d\000g\000i\000n\000g\000\040\000N\000A\000S\000\040\000t\000o\000\040\000r\000e\000c\000e\000i\000v\000e\000\040\000N\000A\000T}{subsection.5.5}% 44
\BOOKMARK [4][-]{paragraph.5.5.2.1}{\376\377\000H\000o\000w\000\040\000t\000o\000\040\000s\000t\000a\000r\000t\000\040\000p\000l\000e\000d\000g\000i\000n\000g\000?}{subsubsection.5.5.2}% 45
\BOOKMARK [4][-]{paragraph.5.5.2.2}{\376\377\000H\000o\000w\000\040\000t\000o\000\040\000c\000a\000n\000c\000e\000l\000\040\000p\000l\000e\000d\000g\000i\000n\000g\000?}{subsubsection.5.5.2}% 46
\BOOKMARK [3][-]{subsubsection.5.5.3}{\376\377\000R\000e\000c\000e\000i\000v\000e\000\040\000N\000A\000T\000\040\000t\000h\000r\000o\000u\000g\000h\000\040\000N\000e\000b\000u\000l\000a\000s\000\040\000o\000n\000-\000c\000h\000a\000i\000n\000\040\000v\000o\000t\000i\000n\000g}{subsection.5.5}% 47
\BOOKMARK [4][-]{paragraph.5.5.3.1}{\376\377\000P\000r\000o\000p\000o\000r\000t\000i\000o\000n\000\040\000o\000f\000\040\000i\000n\000c\000e\000n\000t\000i\000v\000e\000s}{subsubsection.5.5.3}% 48
\BOOKMARK [4][-]{paragraph.5.5.3.2}{\376\377\000F\000o\000r\000\040\000e\000x\000a\000m\000p\000l\000e}{subsubsection.5.5.3}% 49
\BOOKMARK [4][-]{paragraph.5.5.3.3}{}{subsubsection.5.5.3}% 50
\BOOKMARK [2][-]{subsection.5.6}{\376\377\000V\000o\000t\000i\000n\000g\000\040\000r\000u\000l\000e\000s}{section.5}% 51
\BOOKMARK [3][-]{subsubsection.5.6.1}{\376\377\000V\000o\000t\000i\000n\000g\000\040\000f\000e\000e}{subsection.5.6}% 52
\BOOKMARK [3][-]{subsubsection.5.6.2}{\376\377\000V\000o\000t\000i\000n\000g\000\040\000a\000n\000d\000\040\000N\000A\000T\000\040\000D\000e\000s\000t\000r\000u\000c\000t\000i\000o\000n}{subsection.5.6}% 53
\BOOKMARK [3][-]{subsubsection.5.6.3}{\376\377\000V\000o\000t\000i\000n\000g\000\040\000a\000p\000p\000r\000o\000v\000a\000l\000\040\000r\000e\000q\000u\000i\000r\000e\000m\000e\000n\000t\000s}{subsection.5.6}% 54
\BOOKMARK [2][-]{subsection.5.7}{\376\377\000V\000o\000t\000i\000n\000g\000\040\000s\000u\000p\000e\000r\000v\000i\000s\000i\000o\000n\000\040\000a\000n\000d\000\040\000m\000a\000n\000a\000g\000e\000m\000e\000n\000t}{section.5}% 55
\BOOKMARK [3][-]{subsubsection.5.7.1}{\376\377\000V\000o\000t\000i\000n\000g\000\040\000p\000r\000o\000c\000e\000s\000s\000\040\000s\000u\000p\000e\000r\000v\000i\000s\000i\000o\000n}{subsection.5.7}% 56
\BOOKMARK [3][-]{subsubsection.5.7.2}{\376\377\000N\000A\000T\000\040\000p\000a\000r\000a\000m\000e\000t\000e\000r\000\040\000a\000d\000j\000u\000s\000t\000m\000e\000n\000t}{subsection.5.7}% 57
\BOOKMARK [1][-]{Appendix.1.A}{\376\377\000A\000p\000p\000e\000n\000d\000i\000x\000\040\000N\000e\000b\000u\000l\000a\000s\000\040\000A\000u\000t\000o\000n\000o\000m\000o\000u\000s\000\040\000T\000o\000k\000e\000n\000\040\000N\000A\000T\000\040\000i\000s\000s\000u\000a\000n\000c\000e\000\040\000a\000l\000g\000o\000r\000i\000t\000h\000m}{}% 58
\BOOKMARK [2][-]{subsection.1.A.1}{\376\377\000O\000v\000e\000r\000v\000i\000e\000w}{Appendix.1.A}% 59
\BOOKMARK [2][-]{subsection.1.A.2}{\376\377\000N\000R\000\040\000p\000a\000r\000t}{Appendix.1.A}% 60
\BOOKMARK [2][-]{subsection.1.A.3}{\376\377\000V\000o\000t\000i\000n\000g\000\040\000i\000n\000c\000e\000n\000t\000i\000v\000e\000s\000\040\000p\000a\000r\000t}{Appendix.1.A}% 61
\BOOKMARK [2][-]{subsection.1.A.4}{\376\377\000P\000l\000e\000d\000g\000e\000\040\000p\000a\000r\000t}{Appendix.1.A}% 62
\BOOKMARK [2][-]{subsection.1.A.5}{\376\377\000D\000e\000s\000t\000r\000o\000y\000e\000d\000/\000B\000u\000r\000n\000e\000d\000\040\000P\000a\000r\000t}{Appendix.1.A}% 63
\BOOKMARK [2][-]{subsection.1.A.6}{\376\377\000A\000n\000a\000l\000y\000s\000i\000s}{Appendix.1.A}% 64
\BOOKMARK [1][-]{Appendix.1.B}{\376\377\000A\000p\000p\000e\000n\000d\000i\000x\000\040\000N\000e\000b\000u\000l\000a\000s\000\040\000A\000s\000s\000e\000t\000\040\000S\000u\000p\000e\000r\000v\000i\000s\000i\000o\000n}{}% 65
\BOOKMARK [2][-]{subsection.1.B.1}{\376\377\000C\000o\000m\000m\000u\000n\000i\000t\000y\000\040\000p\000u\000b\000l\000i\000c\000\040\000a\000s\000s\000e\000t\000s}{Appendix.1.B}% 66
\BOOKMARK [3][-]{subsubsection.1.B.1.1}{\376\377\000C\000o\000m\000p\000o\000s\000i\000t\000i\000o\000n}{subsection.1.B.1}% 67
\BOOKMARK [3][-]{subsubsection.1.B.1.2}{\376\377\000S\000u\000p\000e\000r\000v\000i\000s\000i\000o\000n}{subsection.1.B.1}% 68
\BOOKMARK [2][-]{subsection.1.B.2}{\376\377\000N\000e\000b\000u\000l\000a\000s\000\040\000F\000o\000u\000n\000d\000a\000t\000i\000o\000n\000\040\000a\000s\000s\000e\000t\000s}{Appendix.1.B}% 69
\BOOKMARK [3][-]{subsubsection.1.B.2.1}{\376\377\000C\000o\000m\000p\000o\000s\000i\000t\000i\000o\000n}{subsection.1.B.2}% 70
\BOOKMARK [3][-]{subsubsection.1.B.2.2}{\376\377\000S\000u\000p\000e\000r\000v\000i\000s\000i\000o\000n}{subsection.1.B.2}% 71
\BOOKMARK [1][-]{Appendix.1.C}{\376\377\000A\000p\000p\000e\000n\000d\000i\000x\000\040\000C\000h\000a\000n\000g\000e\000\040\000L\000o\000g}{}% 72
