\BOOKMARK [1][-]{section.1}{\376\377\213\276\213\241\166\356\150\007}{}% 1
\BOOKMARK [1][-]{section.2}{\376\377\213\276\213\241\123\237\122\031}{}% 2
\BOOKMARK [2][-]{subsection.2.1}{\376\377\121\317\134\021\000N\000A\000S\155\101\220\032\221\317}{section.2}% 3
\BOOKMARK [3][-]{subsubsection.2.1.1}{\376\377\130\236\122\240\215\050\142\274}{subsection.2.1}% 4
\BOOKMARK [3][-]{subsubsection.2.1.2}{\376\377\130\236\122\240\127\060\127\100\145\160}{subsection.2.1}% 5
\BOOKMARK [3][-]{subsubsection.2.1.3}{\376\377\121\317\134\021\116\244\146\023\142\100\133\130\221\317}{subsection.2.1}% 6
\BOOKMARK [2][-]{subsection.2.2}{\376\377\130\236\122\240\143\001\147\011\000N\000A\000S\124\214\000N\000A\000X\166\204\122\250\122\233\377\010\121\317\134\021\116\244\146\023\122\250\122\233\377\011}{section.2}% 7
\BOOKMARK [2][-]{subsection.2.3}{\376\377\130\236\122\240\000N\000A\000X\117\177\165\050\124\214\155\210\200\027\127\072\146\157\000\040\377\010\117\233\227\000\136\163\210\141\377\011}{section.2}% 8
\BOOKMARK [1][-]{section.3}{\376\377\150\070\137\303\174\373\176\337\213\276\213\241}{}% 9
\BOOKMARK [2][-]{subsection.3.1}{\376\377\215\050\142\274\000N\000A\000S\217\324\000N\000A\000X}{section.3}% 10
\BOOKMARK [2][-]{subsection.3.2}{\376\377\215\050\142\274\217\324\163\207}{section.3}% 11
\BOOKMARK [2][-]{subsection.3.3}{\376\377\130\236\123\321\124\150\147\037\213\276\133\232}{section.3}% 12
\BOOKMARK [2][-]{subsection.3.4}{\376\377\123\326\126\336\215\050\142\274\173\126\165\145}{section.3}% 13
\BOOKMARK [2][-]{subsection.3.5}{\376\377\174\373\176\337\142\113\176\355\215\071}{section.3}% 14
\BOOKMARK [1][-]{section.4}{\376\377\117\177\165\050\127\072\146\157\213\276\213\241}{}% 15
\BOOKMARK [2][-]{subsection.4.1}{\376\377\000G\000o\000\040\000N\000e\000b\000u\000l\000a\000s\000\040\000P\000l\000a\000t\000f\000o\000r\000m\000:\000\040\165\037\140\001\157\300\122\261\377\014\215\041\163\056\377\014\131\126\122\261\377\010\230\171\166\356\173\111\377\011}{section.4}% 16
\BOOKMARK [3][-]{subsubsection.4.1.1}{\376\377\131\126\122\261\127\072\146\157}{subsection.4.1}% 17
\BOOKMARK [3][-]{subsubsection.4.1.2}{\376\377\171\076\123\072\215\041\163\056\200\005\122\006\174\173}{subsection.4.1}% 18
\BOOKMARK [3][-]{subsubsection.4.1.3}{\376\377\155\210\200\027\127\072\146\157}{subsection.4.1}% 19
\BOOKMARK [4][-]{paragraph.4.1.3.1}{\376\377\122\033\136\372\143\320\150\110\377\010\155\210\200\027\166\370\136\224\166\204\000N\000A\000X\377\011}{subsubsection.4.1.3}% 20
\BOOKMARK [4][-]{paragraph.4.1.3.2}{\376\377\137\000\123\321\143\320\150\110\377\010\137\000\123\321\145\366\117\032\225\000\153\301\173\111\153\324\166\204\000N\000A\000X\000,\000\040\143\320\122\115\133\214\142\020\166\204\135\345\117\134\377\014\202\202\167\001\225\000\153\301\166\204\145\160\221\317\377\011}{subsubsection.4.1.3}% 21
\BOOKMARK [4][-]{paragraph.4.1.3.3}{\376\377\142\225\171\150\220\032\217\307\143\320\150\110\124\214\176\323\147\234\377\014\227\000\211\201\225\000\153\301\124\016\000N\000A\000X\377\010\220\032\217\307\142\026\116\345\203\267\137\227\0001\0002\0000\000\045\217\324\217\330\377\014\131\061\215\045\123\357\116\345\203\267\137\227\0001\0001\0000\000\045\166\204\217\324\217\330\377\011}{subsubsection.4.1.3}% 22
\BOOKMARK [3][-]{subsubsection.4.1.4}{\376\377\143\250\217\333\153\145\232\244}{subsection.4.1}% 23
\BOOKMARK [4][-]{paragraph.4.1.4.1}{\376\377\210\145\123\321\217\307\123\273\123\302\116\016\217\307\215\041\163\056\166\204\116\272\166\204\131\126\122\261\377\037}{subsubsection.4.1.4}% 24
\BOOKMARK [4][-]{paragraph.4.1.4.2}{\376\377\116\345\124\016\203\267\137\227\230\171\166\356\215\104\221\321\166\204\116\272\134\006\203\267\137\227\166\370\136\224\000N\000A\000X\131\126\122\261}{subsubsection.4.1.4}% 25
\BOOKMARK [4][-]{paragraph.4.1.4.3}{\376\377\130\236\122\240\000G\000N\220\200\213\367\131\126\122\261\377\014\123\327\220\200\213\367\166\204\215\041\163\056\200\005\203\267\137\227\166\204\000N\000A\000X\124\016\377\014\220\200\213\367\116\272\117\032\203\267\137\227\230\235\131\026\0001\0000\000\045\166\204\000N\000A\000X}{subsubsection.4.1.4}% 26
\BOOKMARK [2][-]{subsection.4.2}{\376\377\142\225\171\150\377\010\000V\000o\000t\000i\000n\000g\377\011\143\320\123\107\171\076\123\072\123\302\116\016\136\246}{section.4}% 27
\BOOKMARK [3][-]{subsubsection.4.2.1}{\376\377\202\202\160\271\172\336\220\011}{subsection.4.2}% 28
\BOOKMARK [3][-]{subsubsection.4.2.2}{\376\377\164\006\116\213\172\336\220\011}{subsection.4.2}% 29
\BOOKMARK [3][-]{subsubsection.4.2.3}{\376\377\225\000\153\301\142\225\171\150}{subsection.4.2}% 30
\BOOKMARK [2][-]{subsection.4.3}{\376\377\137\123\220\011\202\202\160\271\000\040\040\024\000-\000\040\116\000\153\041\140\047\225\000\153\301\225\350\151\333}{section.4}% 31
\BOOKMARK [3][-]{subsubsection.4.3.1}{\376\377\123\302\116\016\202\202\160\271\172\336\220\011}{subsection.4.3}% 32
\BOOKMARK [3][-]{subsubsection.4.3.2}{\376\377\142\020\116\072\202\202\160\271}{subsection.4.3}% 33
\BOOKMARK [2][-]{subsection.4.4}{\376\377\000N\000A\000S\000\040\000n\000a\000n\000o\000\040\000P\000r\000o\000\040\000\046\000\040\000E\000x\000p\000l\000o\000r\000e\000r\000\040\000\046\000\040\000D\000E\000X\173\111\124\004\174\173\165\037\140\001\136\163\123\360\166\204\116\012\136\001\215\071\000/\142\113\176\355\215\071}{section.4}% 34
\BOOKMARK [2][-]{subsection.4.5}{\376\377\171\076\123\072\230\204\165\131\000N\000A\000S\225\000\153\301\213\241\122\022\377\010\123\125\162\354\166\204\145\271\150\110\377\011\000x}{section.4}% 35
\BOOKMARK [1][-]{section.5}{\376\377\133\232\221\317\122\006\147\220}{}% 36
\BOOKMARK [1][-]{附录.1.A}{\376\377\226\104\137\125\000\040\000C\000h\000a\000n\000g\000e\000\040\000L\000o\000g}{}% 37
